<?xml version="1.0" encoding="UTF-8"?>
<testsuite xmlns:xsi="http://www.w3.org/2001/XMLSchema-instance" xsi:noNamespaceSchemaLocation="https://maven.apache.org/surefire/maven-surefire-plugin/xsd/surefire-test-report-3.0.xsd" version="3.0" name="TeacherTest" time="0.97" tests="3" errors="0" skipped="0" failures="0">
  <properties>
[...]
</properties>
  <testcase name="testSelectAll" classname="TeacherTest" time="0.832">
    <system-out><![CDATA[[Teacher{id=1, tCode='null', tName='null', age=30, graduate='西南体育大学', salary=5000, cId=0}, Teacher{id=2, tCode='null', tName='null', age=30, graduate='南大学', salary=5000, cId=0}, Teacher{id=3, tCode='null', tName='null', age=35, graduate='东经贸大学', salary=6500, cId=0}, Teacher{id=4, tCode='null', tName='null', age=35, graduate='西理工大学', salary=5000, cId=0}, Teacher{id=5, tCode='null', tName='null', age=31, graduate='中国理工大学', salary=5000, cId=0}, Teacher{id=6, tCode='null', tName='null', age=30, graduate='西北大学', salary=8500, cId=0}, Teacher{id=7, tCode='null', tName='null', age=32, graduate='西北科技大学', salary=6500, cId=0}, Teacher{id=8, tCode='null', tName='null', age=26, graduate='西南科技大学', salary=5000, cId=0}, Teacher{id=9, tCode='null', tName='null', age=22, graduate='东北技术大学', salary=6500, cId=0}, Teacher{id=10, tCode='null', tName='null', age=30, graduate='东北科技大学', salary=5000, cId=0}, Teacher{id=11, tCode='null', tName='null', age=27, graduate='北大学', salary=6500, cId=0}, Teacher{id=12, tCode='null', tName='null', age=45, graduate='东南体育大学', salary=8000, cId=0}, Teacher{id=13, tCode='null', tName='null', age=56, graduate='东北农业大学', salary=8000, cId=0}, Teacher{id=14, tCode='null', tName='null', age=60, graduate='东北科技大学', salary=8000, cId=0}, Teacher{id=15, tCode='null', tName='null', age=55, graduate='南技术大学', salary=8000, cId=0}, Teacher{id=16, tCode='null', tName='null', age=46, graduate='西大学', salary=11000, cId=0}, Teacher{id=17, tCode='null', tName='null', age=48, graduate='北艺术大学', salary=5000, cId=0}, Teacher{id=18, tCode='null', tName='null', age=42, graduate='西北大学', salary=11000, cId=0}, Teacher{id=19, tCode='null', tName='null', age=40, graduate='东南理工大学', salary=5000, cId=0}, Teacher{id=20, tCode='null', tName='null', age=38, graduate='南体育大学', salary=5000, cId=0}, Teacher{id=21, tCode='null', tName='null', age=50, graduate='浙江大学', salary=100000, cId=0}, Teacher{id=22, tCode='null', tName='null', age=50, graduate='浙江大学', salary=100000, cId=0}, Teacher{id=23, tCode='null', tName='null', age=50, graduate='浙江大学', salary=100000, cId=0}]
]]></system-out>
  </testcase>
  <testcase name="testInsert" classname="TeacherTest" time="0.046">
    <system-out><![CDATA[1
]]></system-out>
  </testcase>
  <testcase name="testUpdate" classname="TeacherTest" time="0.036">
    <system-out><![CDATA[1
]]></system-out>
  </testcase>
</testsuite>